<?xml version="1.0" encoding="UTF-8"?>
<testng-results ignored="0" total="1" passed="1" failed="0" skipped="0">
  <reporter-output>
  </reporter-output>
  <suite started-at="2022-08-05T05:47:34 GMT-04:00" name="Suite" finished-at="2022-08-05T05:48:04 GMT-04:00" duration-ms="30418">
    <groups>
    </groups>
    <test started-at="2022-08-05T05:47:34 GMT-04:00" name="Test" finished-at="2022-08-05T05:48:04 GMT-04:00" duration-ms="30418">
      <class name="com.inetbanking.testcase.addcustomer">
        <test-method is-config="true" signature="setup(java.lang.String)[pri:0, instance:com.inetbanking.testcase.addcustomer@5fe94a96]" started-at="2022-08-05T05:47:34 GMT-04:00" name="setup" finished-at="2022-08-05T05:47:41 GMT-04:00" duration-ms="6799" status="PASS">
          <params>
            <param index="0">
              <value>
                <![CDATA[Chrome]]>
              </value>
            </param>
          </params>
          <reporter-output>
          </reporter-output>
        </test-method> <!-- setup -->
        <test-method signature="testcase2()[pri:0, instance:com.inetbanking.testcase.addcustomer@5fe94a96]" started-at="2022-08-05T05:47:41 GMT-04:00" name="testcase2" finished-at="2022-08-05T05:48:04 GMT-04:00" duration-ms="23430" status="PASS">
          <reporter-output>
          </reporter-output>
        </test-method> <!-- testcase2 -->
        <test-method is-config="true" signature="teardown()[pri:0, instance:com.inetbanking.testcase.addcustomer@5fe94a96]" started-at="2022-08-05T05:48:04 GMT-04:00" name="teardown" finished-at="2022-08-05T05:48:04 GMT-04:00" duration-ms="140" status="PASS">
          <reporter-output>
          </reporter-output>
        </test-method> <!-- teardown -->
      </class> <!-- com.inetbanking.testcase.addcustomer -->
    </test> <!-- Test -->
  </suite> <!-- Suite -->
</testng-results>
