<?xml version="1.0" encoding="UTF-8"?>
<!-- Generated by org.testng.reporters.JUnitXMLReporter -->
<testsuite ignored="0" hostname="DESKTOP-4VILPUC" failures="1" tests="2" name="Test" time="0.725" errors="0" timestamp="2022-07-30T08:04:00 GMT-04:00">
  <testcase classname="com.reports.class1" name="loginwhatapp" time="0.292"/>
  <testcase classname="com.reports.class1" name="FB" time="0.255">
    <failure type="java.lang.AssertionError" message="expected [raja] but found [Giri]">
      <![CDATA[java.lang.AssertionError: expected [raja] but found [Giri]
at com.reports.class1.FB(class1.java:16)
at java.base/java.util.ArrayList.forEach(ArrayList.java:1511)
... Removed 31 stack frames]]>
    </failure>
  </testcase> <!-- FB -->
</testsuite> <!-- Test -->
